
RecStrip for Topfield PVR v2.9c
(C) 2016-2026 Christian Wuensch
- based on Naludump 0.1.1 by Udo Richter -
- based on MovieCutter 3.6 -
- portions of Mpeg2cleaner (S. Poeschel), RebuildNav (Firebird) & TFTool (jkIT)

Executable path: /home/admin/RSTest/Docker_SD/bin/


Parameters:
DoCut=0, DoMerge=0, DoStrip=yes, RmEPG=yes, RmTxt=no, RmScr=no, RbldNav=no, RbldInf=no, PkSize=0

Input file: new/RS_sep/Wintersport (Cut-3).rec
  File size: 28656192, packet size: 192
  File date: Wed 27 Nov 2013 17:10:48 (local)
  TS: PMTPID=100, SID=28006, PCRPID=110, Stream=0x2, VPID=110, HD=0
  TS: TeletextPID=130 [deu], InitPage=100

  TS: SubtitlesPID=131 [deu]
  TS: EvtStart  = Wed 27 Nov 2013 16:05:00 (UTC)
  TS: EvtDuratn = 01:55
  TS: EventName = Wintersport
  TS: EventDesc = Biathlon-Weltcup
  TS: EPGExtEvt = ca. 17:05 Uhr Biathlon-Weltcup 15 km Einzel Damen Ăśbertragung aus Ă–stersund/Schweden ÂŠReporter: Christoph Hamm, Herbert Fritzenwenger Moderation: Alexander Ruda Experte: Sven Fischer
  TS: PID=121, AudioType: MPEG1, Layer 2 @ 48.0 kHz, Stereo, 192 kbit/s [mis]
  TS: PID=130, Teletext stream [deu]
  TS: PID=120, AudioType: MPEG1, Layer 2 @ 48.0 kHz, Stereo, 256 kbit/s [deu]
  TS: PID=122, AudioType: MPEG1, Layer 2 @ 48.0 kHz, Stereo, 192 kbit/s [mul]
  TS: Teletext Programme Identification Data: 'ZDF: Wintersport'
  TS: Teletext date: Wed 27 Nov 2013 17:11:02 (GMT+1)
  Failed to get service name from SDT.
  TS: EvtStart  = Wed 27 Nov 2013 17:05:00 (GMT+1)
  TS: FirstPCR  = 236415436275 (2:25:56,127), Last: 237164431587 (2:26:23,867)
  TS: Duration  = 0:00:27,740 (PCR)
  TS: StartTime = Wed 27 Nov 2013 17:10:49
  PIDs to be checked for continuity: [0] [110], [1] 120, [2] 121, [3] 122, [4] 125, [5] 130, [6] 18

Inf file: new/RS_sep/Wintersport (Cut-3).rec.inf
  Determine SystemType: DVBs = -4, DVBt = -4, DVBc = 0 Points
   -> SystemType=ST_TMSc
  INF: VideoStream=0x2, VideoPID=110, HD=0
  INF: Duration = 00 min 28 sec
  INF: ServiceName = ZDF
  INF: Bookmarks = 962, 1788

Nav file: new/RS_sep/Wintersport (Cut-3).rec.nav
  NAV: FirstPTS = 394047242 (2:25:56,605), Last: 395283842 (2:26:24,085)
  NAV: Duration = 00:00:27,269 (PTS: 00:00:27,480)
  NAV: Frames   = 688 (25.2 fps)

Cut file: new/RS_sep/Wintersport (Cut-3).cut
  CutFileLoad: Importing cut-file version 3
    0 ;  -  ;          0 ;   0:00:00,000 ;    0.0% ; Nr. 5 hat einen langen Namen, der ist sooo lang, und enthält auch noch Umlaute, das ist der absoluter Knüller!!!
    1 ;  -  ;       3175 ;   0:00:27,515 ;  100.0% ; Nr. 6 ist das Ende


Output rec: new/RS_sep/Wintersport (Cut-3)_strip.rec

Inf output: new/RS_sep/Wintersport (Cut-3)_strip.rec.inf

Nav output: new/RS_sep/Wintersport (Cut-3)_strip.rec.nav

Cut output: new/RS_sep/Wintersport (Cut-3)_strip.cut
Subtitles output: new/RS_sep/Wintersport (Cut-3)_strip.srt


  TTX: Trying to extract subtitles from page 777


TSCheck: 0 continuity errors found.

NewNav: 690 of 688 frames written.
NewNav: FirstPTS = 394047242 (2:25:56,605), Last: 395289242 (2:26:24,205)
NewNav: Duration = 0:00:27,600


Packets: 149251, FillerNALUs: 0 (0%), ZeroByteStuffing: 537 (0%), AdaptationFields: 0 (0%), NullPackets: 0 (0%), EPG: 26256 (17%), Teletext: 0 (0%), Scrambled: 0 (0%), Dropped (all): 26793 (17%)

