
RecStrip for Topfield PVR v2.9
(C) 2016-2024 Christian Wuensch
- based on Naludump 0.1.1 by Udo Richter -
- based on MovieCutter 3.6 -
- portions of Mpeg2cleaner (S. Poeschel), RebuildNav (Firebird) & TFTool (jkIT)

Executable path: /home/admin/RSTest/Docker_SD/bin/


Parameters:
DoCut=0, DoMerge=0, DoStrip=yes, RmEPG=yes, RmTxt=no, RmScr=no, RbldNav=no, RbldInf=no, PkSize=0

Input file: new/RS_gem/Wintersport_cut.rec
  File size: 103958400, packet size: 192
  File date: Wed 27 Nov 2013 17:08:23 (local)
  TS: PMTPID=100, SID=28006, PCRPID=110, Stream=0x2, VPID=110, HD=0
  TS: TeletextPID=130 [deu], InitPage=100

  TS: SubtitlesPID=131 [deu]
  TS: EvtStart  = Wed 27 Nov 2013 16:05:00 (UTC)
  TS: EvtDuration = 01:55
  TS: EventName = Wintersport
  TS: EventDesc = Biathlon-Weltcup
  TS: EPGExtEvt = ca. 17:05 Uhr Biathlon-Weltcup 15 km Einzel Damen Übertragung aus Östersund/Schweden Reporter: Christoph Hamm, Herbert Fritzenwenger Moderation: Alexander Ruda Experte: Sven Fischer
  TS: PID=130, Teletext stream [deu]
  TS: PID=121, AudioType: MPEG1, Layer 2 @ 48.0 kHz, Stereo, 192 kbit/s [mis]
  TS: PID=120, AudioType: MPEG1, Layer 2 @ 48.0 kHz, Stereo, 256 kbit/s [deu]
  TS: PID=122, AudioType: MPEG1, Layer 2 @ 48.0 kHz, Stereo, 192 kbit/s [mul]
  TS: PID=125, AudioType: AC3 @ 48.0 kHz, 448 kbit/s [deu]
  TS: PID=110, VideoType: MPEG2, 720x576 @ 25.000 fps, AspectRatio=16:9 (1.778) -> SD
  TS: SvcName   = ZDF
  TS: Teletext Programme Identification Data: 'ZDF: Wintersport'
  TS: Teletext date: Wed 27 Nov 2013 17:09:19 (GMT+1)
  TS: EvtStart  = Wed 27 Nov 2013 17:05:00 (GMT+1)
  TS: FirstPCR  = 232509681590 (2:23:31,469), Last: 236414661163 (2:25:56,098)
  TS: Duration  = 0:02:24,629 (PCR)
  TS: StartTime = Wed 27 Nov 2013 17:08:24
  PIDs to be checked for continuity: [0] [110], [1] 120, [2] 121, [3] 122, [4] 125, [5] 130, [6] 18

Inf file: new/RS_gem/Wintersport_cut.rec.inf
  Determine SystemType: DVBs = -4, DVBt = -4, DVBc = 0 Points
   -> SystemType=ST_TMSc
  INF: VideoStream=0x2, VideoPID=110, HD=0
  INF: Duration = 01 min 47 sec
  INF: ServiceName = ZDF
  INF: Bookmarks = 2696, 5466, 7168, 9342

Nav file: new/RS_gem/Wintersport_cut.rec.nav
  NAV: FirstPTS = 387545642 (2:23:32,125), Last: 394036442 (2:25:56,365)
  NAV: Duration = 00:01:46,770 (PTS: 00:02:24,240)
  NAV: Frames   = 2657 (24.9 fps)

Cut file: new/RS_gem/Wintersport_cut.cut
  CutFileLoad: Importing cut-file version 3
    0 ;  -  ;          0 ;   0:00:00,000 ;    0.0% ; Segment 2 soll erhalten bleiben
    1 ;  -  ;       7168 ;   0:01:06,014 ;   62.2% ; Nummer 4 hier - ich will auch bleiben
    2 ;  -  ;      11520 ;   0:01:47,020 ;  100.0% ; Nr. 6 ist das Ende


Output rec: new/RS_gem/Wintersport_cutstrip.rec

Inf output: new/RS_gem/Wintersport_cutstrip.rec.inf

Nav output: new/RS_gem/Wintersport_cutstrip.rec.nav

Cut output: new/RS_gem/Wintersport_cutstrip.cut
Subtitles output: new/RS_gem/Wintersport_cutstrip.srt


  TTX: Trying to extract subtitles from page 777

  PESProcessor: CC error while parsing PID 130

TSCheck: Continuity Error:	1.	62.22%	8677617->8715122 (37.505 sec)	110	64685956	120	64687488	121	64689408	122	64691520	125	64688448	130	64687296	18	64686528
TSCheck: 1 continuity errors found.

NewNav: 2657 of 2657 frames written.
NewNav: FirstPTS = 387545642 (2:23:32,125), Last: 394036442 (2:25:56,365)
NewNav: Duration = 0:01:46,760 (time jumps 00:37,480)


Packets: 541450, FillerNALUs: 0 (0%), ZeroByteStuffing: 1830 (0%), AdaptationFields: 0 (0%), NullPackets: 0 (0%), EPG: 101429 (18%), Teletext: 0 (0%), Scrambled: 0 (0%), Dropped (all): 103259 (19%)

