
RecStrip for Topfield PVR v3.2
(C) 2016-2026 Christian Wuensch
- based on Naludump 0.1.1 by Udo Richter -
- based on MovieCutter 3.6 -
- portions of Mpeg2cleaner (S. Poeschel), RebuildNav (Firebird) & TFTool (jkIT)

Executable path: /home/admin/RSTest/Docker_HD/bin/


Parameters:
DoCut=0, DoMerge=0, DoStrip=yes, RmEPG=yes, RmTxt=no, RmScr=no, RbldNav=no, RbldInf=no, PkSize=0

Input file: new/RS_sep/Sportschau (Cut-1).rec
  File size: 25990272, packet size: 192
  File date: Sun 19 Mar 2017 13:07:15 (local)
  TS: PMTPID=5100, SID=10301, PCRPID=5101, Stream=0x1b, VPID=5101, HD=1
  TS: TeletextPID=5104 [deu], InitPage=100

  TS: SubtitlesPID=5105 [deu]
  TS: EvtStart  = Sun 19 Mar 2017 09:23:00 (UTC)
  TS: EvtDuratn = 02:37
  TS: EventName = Sportschau
  TS: EventDesc = Snowboard / Biathlon Damen / Telemark-WM / Viererbob / Nord. Kombination
  TS: EPGExtEvt = * Snowboard-Weltcup, Teamentscheidung Parallelslalom (ca. 10:23 Uhr)* live aus Winterberg* Weltcupfinale Biathlon, Massenstart Damen (ca. 11:10 Uhr)* live aus Oslo* Telemark-WM (ca. 11:55 Uhr)* Übertragung aus La Plagne* Weltcupfinale Viererbob, 2. Lauf (ca. 12:05 Uhr)* live aus Pyeongchang* Weltcupfinale Nord. Kombination, Springen (ca. 12:30 Uhr)* live aus Schonach* WM Special Olympics Produziert in HD
  TS: PID=5104, Teletext stream [deu]
  TS: PID=5102, AudioType: MPEG1, Layer 2 @ 48.0 kHz, Stereo, 256 kbit/s [deu]
  TS: PID=5103, AudioType: MPEG1, Layer 2 @ 48.0 kHz, Stereo, 256 kbit/s [mis]
  TS: PID=5106, AudioType: AC3 @ 48.0 kHz, 448 kbit/s [deu]
  TS: PID=5101, VideoType: H.264, 1280x720 @ 50.000 fps, AspectRatio=16:9 (1.778) -> HD
  TS: Teletext Programme Identification Data: 'ARD - Das Erste.'
  TS: Teletext date: Sun 19 Mar 2017 13:07:21 (GMT+1)
  Failed to get service name from SDT.
  TS: EvtStart  = Sun 19 Mar 2017 10:23:00 (GMT+1)
  TS: FirstPCR  = 534346488160 (5:29:50,610), Last: 534689926969 (5:30:03,330)
  TS: Duration  = 0:00:12,720 (PCR)
  TS: Setting start time to file time instead EPG event start.
  TS: StartTime = Sun 19 Mar 2017 13:07:15
  PIDs to be checked for continuity: [0] [5101], [1] 5102, [2] 5103, [3] 5106, [4] 5104, [5] 18

Inf file: new/RS_sep/Sportschau (Cut-1).rec.inf
  Determine SystemType: DVBs = 0, DVBt = -4, DVBc = -5 Points
   -> SystemType=ST_TMSs
  INF: VideoStream=0x1b, VideoPID=5101, HD=1
  INF: Duration = 00 min 13 sec
  INF: ServiceName = Das Erste HD
  INF: Bookmarks = -

Nav file: new/RS_sep/Sportschau (Cut-1).rec.nav
  NAV: FirstPTS = 890642552 (5:29:52,056), Last: 891209552 (5:30:04,656)
  NAV: Duration = 00:00:12,506 (PTS: 00:00:12,600)
  NAV: Frames   = 626 (50.1 fps)

Cut file: new/RS_sep/Sportschau (Cut-1).cut

Srt file: new/RS_sep/Sportschau (Cut-1).srt


Output rec: new/RS_sep/Sportschau (Cut-1)_strip.rec

Inf output: new/RS_sep/Sportschau (Cut-1)_strip.rec.inf

Nav output: new/RS_sep/Sportschau (Cut-1)_strip.rec.nav

Cut output: new/RS_sep/Sportschau (Cut-1)_strip.cut

Srt output: new/RS_sep/Sportschau (Cut-1)_strip.srt


  PESMuxer: Detected frame rate: 50 frames per second.

TSCheck: 0 continuity errors found.

NewNav: 626 of 626 frames written.
NewNav: FirstPTS = 890642552 (5:29:52,056), Last: 891209552 (5:30:04,656)
NewNav: Duration = 0:00:12,600


Packets: 134755, FillerNALUs: 12568 (9%), ZeroByteStuffing: 10 (0%), AdaptationFields: 21 (0%), NullPackets: 0 (0%), EPG: 7325 (5%), Teletext: 0 (0%), Scrambled: 0 (0%), Dropped (all): 19924 (14%)

